# JRE version: Java(TM) SE Runtime Environment (8.0_60-b27) (build 1.8.0_60-b27)
# Java VM: Java HotSpot(TM) 64-Bit Server VM (25.60-b23 mixed mode bsd-amd64 compressed oops)
Heap:
 PSYoungGen      total 38400K, used 12110K [0x0000000170180000, 0x0000000172c00000, 0x000000019ac00000)
  eden space 33280K, 21% used [0x0000000170180000,0x00000001708545f8,0x0000000172200000)
  from space 5120K, 99% used [0x0000000172700000,0x0000000172bff2b0,0x0000000172c00000)
  to   space 5120K, 0% used [0x0000000172200000,0x0000000172200000,0x0000000172700000)
 ParOldGen       total 87552K, used 1589K [0x000000011ac00000, 0x0000000120180000, 0x0000000170180000)
  object space 87552K, 1% used [0x000000011ac00000,0x000000011ad8d760,0x0000000120180000)
 Metaspace       used 14811K, capacity 15060K, committed 15232K, reserved 1062912K
  class space    used 1783K, capacity 1873K, committed 1920K, reserved 1048576K
GC Heap History (4 events):
Event: 2.009 GC heap before
{Heap before GC invocations=1 (full 0):
 PSYoungGen      total 38400K, used 33280K [0x0000000170180000, 0x0000000172c00000, 0x000000019ac00000)
  eden space 33280K, 100% used [0x0000000170180000,0x0000000172200000,0x0000000172200000)
  from space 5120K, 0% used [0x0000000172700000,0x0000000172700000,0x0000000172c00000)
  to   space 5120K, 0% used [0x0000000172200000,0x0000000172200000,0x0000000172700000)
 ParOldGen       total 87552K, used 0K [0x000000011ac00000, 0x0000000120180000, 0x0000000170180000)
  object space 87552K, 0% used [0x000000011ac00000,0x000000011ac00000,0x0000000120180000)
 Metaspace       used 10923K, capacity 11136K, committed 11392K, reserved 1058816K
  class space    used 1260K, capacity 1315K, committed 1408K, reserved 1048576K
Event: 2.018 GC heap after
Heap after GC invocations=1 (full 0):
 PSYoungGen      total 38400K, used 4864K [0x0000000170180000, 0x0000000172c00000, 0x000000019ac00000)
  eden space 33280K, 0% used [0x0000000170180000,0x0000000170180000,0x0000000172200000)
  from space 5120K, 95% used [0x0000000172200000,0x00000001726c02a8,0x0000000172700000)
  to   space 5120K, 0% used [0x0000000172700000,0x0000000172700000,0x0000000172c00000)
 ParOldGen       total 87552K, used 80K [0x000000011ac00000, 0x0000000120180000, 0x0000000170180000)
  object space 87552K, 0% used [0x000000011ac00000,0x000000011ac14010,0x0000000120180000)
 Metaspace       used 10923K, capacity 11136K, committed 11392K, reserved 1058816K
  class space    used 1260K, capacity 1315K, committed 1408K, reserved 1048576K
}
Event: 3.645 GC heap before
{Heap before GC invocations=2 (full 0):
 PSYoungGen      total 38400K, used 38144K [0x0000000170180000, 0x0000000172c00000, 0x000000019ac00000)
  eden space 33280K, 100% used [0x0000000170180000,0x0000000172200000,0x0000000172200000)
  from space 5120K, 95% used [0x0000000172200000,0x00000001726c02a8,0x0000000172700000)
  to   space 5120K, 0% used [0x0000000172700000,0x0000000172700000,0x0000000172c00000)
 ParOldGen       total 87552K, used 80K [0x000000011ac00000, 0x0000000120180000, 0x0000000170180000)
  object space 87552K, 0% used [0x000000011ac00000,0x000000011ac14010,0x0000000120180000)
 Metaspace       used 14215K, capacity 14452K, committed 14720K, reserved 1062912K
  class space    used 1742K, capacity 1841K, committed 1920K, reserved 1048576K
Event: 3.653 GC heap after
Heap after GC invocations=2 (full 0):
 PSYoungGen      total 38400K, used 5116K [0x0000000170180000, 0x0000000172c00000, 0x000000019ac00000)
  eden space 33280K, 0% used [0x0000000170180000,0x0000000170180000,0x0000000172200000)
  from space 5120K, 99% used [0x0000000172700000,0x0000000172bff2b0,0x0000000172c00000)
  to   space 5120K, 0% used [0x0000000172200000,0x0000000172200000,0x0000000172700000)
 ParOldGen       total 87552K, used 1589K [0x000000011ac00000, 0x0000000120180000, 0x0000000170180000)
  object space 87552K, 1% used [0x000000011ac00000,0x000000011ad8d760,0x0000000120180000)
 Metaspace       used 14215K, capacity 14452K, committed 14720K, reserved 1062912K
  class space    used 1742K, capacity 1841K, committed 1920K, reserved 1048576K
}

